Determining if the pthread_create exist failed with the following output:
Change Dir: /udacity/ros/build/CMakeFiles/CMakeTmp

Run Build Command:"/usr/bin/make" "cmTC_10c16/fast"
/usr/bin/make -f CMakeFiles/cmTC_10c16.dir/build.make CMakeFiles/cmTC_10c16.dir/build
make[1]: Entering directory '/udacity/ros/build/CMakeFiles/CMakeTmp'
Building C object CMakeFiles/cmTC_10c16.dir/CheckSymbolExists.c.o
/usr/bin/cc     -o CMakeFiles/cmTC_10c16.dir/CheckSymbolExists.c.o   -c /udacity/ros/build/CMakeFiles/CMakeTmp/CheckSymbolExists.c
Linking C executable cmTC_10c16
/usr/bin/cmake -E cmake_link_script CMakeFiles/cmTC_10c16.dir/link.txt --verbose=1
/usr/bin/cc       CMakeFiles/cmTC_10c16.dir/CheckSymbolExists.c.o  -o cmTC_10c16 -rdynamic 
CMakeFiles/cmTC_10c16.dir/CheckSymbolExists.c.o: In function `main':
CheckSymbolExists.c:(.text+0x16): undefined reference to `pthread_create'
collect2: error: ld returned 1 exit status
CMakeFiles/cmTC_10c16.dir/build.make:97: recipe for target 'cmTC_10c16' failed
make[1]: *** [cmTC_10c16] Error 1
make[1]: Leaving directory '/udacity/ros/build/CMakeFiles/CMakeTmp'
Makefile:126: recipe for target 'cmTC_10c16/fast' failed
make: *** [cmTC_10c16/fast] Error 2

File /udacity/ros/build/CMakeFiles/CMakeTmp/CheckSymbolExists.c:
/* */
#include <pthread.h>

int main(int argc, char** argv)
{
  (void)argv;
#ifndef pthread_create
  return ((int*)(&pthread_create))[argc];
#else
  (void)argc;
  return 0;
#endif
}

Determining if the function pthread_create exists in the pthreads failed with the following output:
Change Dir: /udacity/ros/build/CMakeFiles/CMakeTmp

Run Build Command:"/usr/bin/make" "cmTC_86a3f/fast"
/usr/bin/make -f CMakeFiles/cmTC_86a3f.dir/build.make CMakeFiles/cmTC_86a3f.dir/build
make[1]: Entering directory '/udacity/ros/build/CMakeFiles/CMakeTmp'
Building C object CMakeFiles/cmTC_86a3f.dir/CheckFunctionExists.c.o
/usr/bin/cc    -DCHECK_FUNCTION_EXISTS=pthread_create   -o CMakeFiles/cmTC_86a3f.dir/CheckFunctionExists.c.o   -c /usr/share/cmake-3.5/Modules/CheckFunctionExists.c
Linking C executable cmTC_86a3f
/usr/bin/cmake -E cmake_link_script CMakeFiles/cmTC_86a3f.dir/link.txt --verbose=1
/usr/bin/cc   -DCHECK_FUNCTION_EXISTS=pthread_create    CMakeFiles/cmTC_86a3f.dir/CheckFunctionExists.c.o  -o cmTC_86a3f -rdynamic -lpthreads 
/usr/bin/ld: cannot find -lpthreads
collect2: error: ld returned 1 exit status
CMakeFiles/cmTC_86a3f.dir/build.make:97: recipe for target 'cmTC_86a3f' failed
make[1]: *** [cmTC_86a3f] Error 1
make[1]: Leaving directory '/udacity/ros/build/CMakeFiles/CMakeTmp'
Makefile:126: recipe for target 'cmTC_86a3f/fast' failed
make: *** [cmTC_86a3f/fast] Error 2


